000000	const %0
000001	get_global $0
000002	call (1)
000003	halt

globals:
$0 = func:
000000	get_local $-1
000001	const %1
000002	eq
000003	jmpf &000003
000004	pop
000005	const %2
000006	jmp &000020
000007	pop
000008	get_local $-1
000009	const %3
000010	eq
000011	jmpf &000003
000012	pop
000013	const %4
000014	jmp &000012
000015	pop
000016	get_local $-1
000017	const %5
000018	sub
000019	get_global $0
000020	call (1)
000021	get_local $-1
000022	const %6
000023	sub
000024	get_global $0
000025	call (1)
000026	add
000027	return

constants:
%0	int 10
%1	int 0
%2	int 0
%3	int 1
%4	int 1
%5	int 1
%6	int 2
